Arguments: 
  /usr/local/bin/node /usr/local/Cellar/yarn/0.27.5_1/libexec/bin/yarn.js

PATH: 
  /Users/nayanhathiwala/google-cloud-sdk/bin:/usr/local/bin:/usr/bin:/bin:/usr/sbin:/sbin:/Library/Frameworks/Mono.framework/Versions/Current/Commands:/Users/nayanhathiwala/google-cloud-sdk/bin

Yarn version: 
  0.27.5

Node version: 
  6.11.1

Platform: 
  darwin x64

npm manifest: 
  {
    "name": "functions",
    "version": "0.1.1",
    "description": "FireFunctions: Cloud Functions for Firebase",
    "author": "<nhathiwala@knoxpo.com>",
    "license": "MIT",
    "scripts": {
      "build": "cp -r ./package.json ./functions/ && tsc && cd functions && yarn",
      "watch": "tsc --watch",
      "deploy": "yarn run build && firebase deploy --only functions"
    },
    "dependencies": {
      "body-parser": "^1.17.2",
      "cookie-parser": "^1.4.3",
      "cors": "^2.8.4",
      "express": "^4.15.3",
      "firebase-admin": "~4.2.1",
      "firebase-functions": "^0.5.7"
    },
    "private": true,
    "devDependencies": {
      "@types/body-parser": "^1.16.4",
      "@types/cookie-parser": "^1.4.0",
      "@types/cors": "^2.8.1",
      "faye-websocket": "^0.11.1",
      "jsonwebtoken": "^7.4.2",
      "ts-loader": "^2.3.2",
      "typescript": "^2.4.2"
    }
  }

yarn manifest: 
  No manifest

Lockfile: 
  No lockfile

Trace: 
  Error: getaddrinfo ENOTFOUND registry.yarnpkg.com registry.yarnpkg.com:443
      at errnoException (dns.js:28:10)
      at GetAddrInfoReqWrap.onlookup [as oncomplete] (dns.js:76:26)
